<?xml version="1.0" encoding="UTF-8"?>
<testng-results ignored="0" total="1" passed="1" failed="0" skipped="0">
  <reporter-output>
  </reporter-output>
  <suite started-at="2024-12-31T15:57:28 IST" name="Default suite" finished-at="2024-12-31T15:57:42 IST" duration-ms="13816">
    <groups>
    </groups>
    <test started-at="2024-12-31T15:57:28 IST" name="Default test" finished-at="2024-12-31T15:57:42 IST" duration-ms="13816">
      <class name="pojo231dec.Mappojo">
        <test-method signature="usingpostmap()[pri:0, instance:pojo231dec.Mappojo@49049a04]" started-at="2024-12-31T15:57:28 IST" name="usingpostmap" finished-at="2024-12-31T15:57:42 IST" duration-ms="13765" status="PASS">
          <reporter-output>
          </reporter-output>
        </test-method> <!-- usingpostmap -->
      </class> <!-- pojo231dec.Mappojo -->
    </test> <!-- Default test -->
  </suite> <!-- Default suite -->
</testng-results>
